2019-07-18 14:25:07,078 INFO : test_1 started
2019-07-18 14:25:07,078 INFO : Request to play ocean-wave-1.wav
2019-07-18 14:25:07,133 INFO : data from ocean-wave-1.wav loaded
2019-07-18 14:25:07,134 INFO : playing ocean-wave-1.wav
2019-07-18 14:25:12,154 INFO : elapsed time= 0:5
2019-07-18 14:25:12,154 INFO : Finished playing ocean-wave-1.wav
2019-07-18 14:25:12,155 INFO : =======================================
2019-07-18 14:25:12,155 INFO : test_1 success exit
2019-07-18 14:25:12,155 INFO : =======================================
2019-07-18 14:27:52,722 INFO : test_1 started
2019-07-18 14:27:52,723 INFO : Request to play ocean-wave-1.wav
2019-07-18 14:27:52,777 INFO : data from ocean-wave-1.wav loaded
2019-07-18 14:27:52,778 INFO : playing ocean-wave-1.wav
2019-07-18 14:27:57,797 INFO : elapsed time= 0:5
2019-07-18 14:27:57,797 INFO : Finished playing ocean-wave-1.wav
2019-07-18 14:27:57,797 INFO : =======================================
2019-07-18 14:27:57,798 INFO : test_1 success exit
2019-07-18 14:27:57,798 INFO : =======================================
2019-07-18 14:28:45,434 INFO : test_1 started
2019-07-18 14:28:45,434 INFO : Request to play ocean-wave-1.wav
2019-07-18 14:28:45,488 INFO : data from ocean-wave-1.wav loaded
2019-07-18 14:28:45,489 INFO : playing ocean-wave-1.wav
2019-07-18 14:28:50,508 INFO : elapsed time= 0:5
2019-07-18 14:28:50,508 INFO : Finished playing ocean-wave-1.wav
2019-07-18 14:28:50,508 INFO : =======================================
2019-07-18 14:28:50,508 INFO : test_1 success exit
2019-07-18 14:29:17,625 INFO : test_1 started
2019-07-18 14:29:17,626 INFO : Request to play ocean-wave-1.wav
2019-07-18 14:29:17,680 INFO : data from ocean-wave-1.wav loaded
2019-07-18 14:29:17,680 INFO : playing ocean-wave-1.wav
2019-07-18 14:29:22,700 INFO : elapsed time= 0:5
2019-07-18 14:29:22,700 INFO : Finished playing ocean-wave-1.wav
2019-07-18 14:29:22,700 INFO : =======================================
2019-07-18 14:29:22,701 INFO : test_1 success exit
2019-07-18 14:29:22,701 INFO : =======================================
2019-07-18 14:43:42,438 INFO : info success
2019-07-18 14:43:42,438 ERROR : error success
2019-07-18 14:43:42,438 WARNING : warning success
2019-07-18 14:48:23,369 INFO : info 5 success
2019-07-18 14:48:23,369 ERROR : error success
2019-07-18 14:48:23,369 WARNING : warning success
2019-07-18 14:49:52,867 INFO : info 5 success
2019-07-18 14:49:52,867 ERROR : error success
2019-07-18 14:49:52,867 WARNING : warning success
2019-07-18 15:03:56,424 INFO : info 5 success
2019-07-18 15:03:56,425 ERROR : error success
2019-07-18 15:03:56,425 WARNING : warning success
2019-07-18 15:05:55,973 INFO : info 5 success
2019-07-18 15:05:55,973 ERROR : error success
2019-07-18 15:05:55,973 WARNING : warning success
2019-07-18 15:24:25,197 INFO : info 5 success
2019-07-18 15:24:25,197 ERROR : error success
2019-07-18 15:24:25,197 WARNING : warning success
2019-07-18 15:24:51,757 INFO : info 5 success
2019-07-18 15:24:51,757 ERROR : error success
2019-07-18 15:24:51,758 WARNING : warning success
2019-07-18 15:27:05,875 INFO : info 5 success
2019-07-18 15:27:05,875 ERROR : error success
2019-07-18 15:27:05,875 WARNING : warning success
2019-07-18 15:27:05,875 INFO : info
2019-07-18 15:36:53,952 INFO : info 5 success
2019-07-18 15:36:53,952 ERROR : error success
2019-07-18 15:36:53,952 WARNING : warning success
2019-07-18 15:36:53,952 INFO : info
2019-07-18 15:38:16,855 INFO : info 5 success
2019-07-18 15:38:16,855 ERROR : error success
2019-07-18 15:38:16,855 WARNING : warning success
2019-07-18 15:38:16,855 INFO : info
2019-07-18 16:04:06,339 INFO : test_1 started
2019-07-18 16:04:46,505 INFO : test_1 started
2019-07-18 16:04:46,505 INFO : Request to play ocean-wave-1.wav
2019-07-18 16:04:46,558 INFO : data from ocean-wave-1.wav loaded
2019-07-18 16:04:46,558 INFO : playing ocean-wave-1.wav
2019-07-18 16:04:51,578 INFO : elapsed time= 0:5
2019-07-18 16:04:51,579 INFO : Finished playing ocean-wave-1.wav
2019-07-18 16:04:51,579 INFO : =======================================
2019-07-18 16:04:51,579 INFO : test_1 success exit
2019-07-18 16:04:51,579 INFO : =======================================
2019-07-18 16:12:11,103 INFO : test_1 started
2019-07-18 16:12:11,103 INFO : Request to play ocean-wave-1.wav
2019-07-18 16:12:11,159 INFO : data from ocean-wave-1.wav loaded
2019-07-18 16:12:11,160 INFO : playing ocean-wave-1.wav
2019-07-18 16:12:16,179 INFO : elapsed time= 0:5
2019-07-18 16:12:16,180 INFO : Finished playing ocean-wave-1.wav
2019-07-18 16:12:16,180 INFO : =======================================
2019-07-18 16:12:16,180 INFO : test_1 success exit
2019-07-18 16:12:16,180 INFO : =======================================
2019-07-19 15:41:04,107 INFO : test_1 started
2019-07-19 15:41:04,107 INFO : Request to play ocean-wave-1.wav
2019-07-19 15:41:04,164 INFO : data from ocean-wave-1.wav loaded
2019-07-19 15:41:04,164 INFO : playing ocean-wave-1.wav
2019-07-19 15:41:09,184 INFO : elapsed time= 0:5
2019-07-19 15:41:09,184 INFO : Finished playing ocean-wave-1.wav
2019-07-19 15:41:09,184 INFO : =======================================
2019-07-19 15:41:09,184 INFO : test_1 success exit
2019-07-19 15:41:09,185 INFO : =======================================
2019-07-22 11:16:42,041 INFO : test_1 started
2019-07-22 11:16:42,044 INFO : Request to play ocean-wave-1.wav
2019-07-22 11:16:42,173 INFO : data from ocean-wave-1.wav loaded
2019-07-22 11:16:42,173 INFO : playing ocean-wave-1.wav
2019-07-22 11:23:48,899 INFO : test_1 started
2019-07-22 11:23:48,899 INFO : Request to play ocean-wave-1.wav
2019-07-22 11:23:48,955 INFO : data from ocean-wave-1.wav loaded
2019-07-22 11:23:48,956 INFO : playing ocean-wave-1.wav
2019-07-22 11:23:53,977 INFO : elapsed time= 0:5
2019-07-22 11:23:53,977 INFO : Finished playing ocean-wave-1.wav
2019-07-22 11:23:53,978 INFO : =======================================
2019-07-22 11:23:53,978 INFO : test_1 success exit
2019-07-22 11:23:53,978 INFO : =======================================
2019-07-22 11:25:04,325 INFO : test_1 started
2019-07-22 11:25:04,325 INFO : Request to play ocean-wave-1.wav
2019-07-22 11:25:04,379 INFO : data from ocean-wave-1.wav loaded
2019-07-22 11:25:04,379 INFO : playing ocean-wave-1.wav
2019-07-22 11:25:09,400 INFO : elapsed time= 0:5
2019-07-22 11:25:09,400 INFO : Finished playing ocean-wave-1.wav
2019-07-22 11:25:09,400 INFO : =======================================
2019-07-22 11:25:09,400 INFO : test_1 success exit
2019-07-22 11:25:09,400 INFO : =======================================
2019-07-22 11:26:15,963 INFO : test_1 started
2019-07-22 11:26:15,963 INFO : Request to play ocean-wave-1.wav
2019-07-22 11:26:16,018 INFO : data from ocean-wave-1.wav loaded
2019-07-22 11:26:16,018 INFO : playing ocean-wave-1.wav
2019-07-22 11:26:21,038 INFO : elapsed time= 0:5
2019-07-22 11:26:21,038 INFO : Finished playing ocean-wave-1.wav
2019-07-22 11:26:21,038 INFO : =======================================
2019-07-22 11:26:21,039 INFO : test_1 success exit
2019-07-22 11:26:21,039 INFO : =======================================
2019-07-22 11:27:05,154 INFO : test_1 started
2019-07-22 11:27:05,154 INFO : Request to play ocean-wave-1.wav
2019-07-22 11:27:05,208 INFO : data from ocean-wave-1.wav loaded
2019-07-22 11:27:05,208 INFO : playing ocean-wave-1.wav
2019-07-22 11:27:10,228 INFO : elapsed time= 0:5
2019-07-22 11:27:10,228 INFO : Finished playing ocean-wave-1.wav
2019-07-22 11:27:10,228 INFO : =======================================
2019-07-22 11:28:56,595 INFO : test_1 started
2019-07-22 11:28:56,595 INFO : Request to play ocean-wave-1.wav
2019-07-22 11:28:56,650 INFO : data from ocean-wave-1.wav loaded
2019-07-22 11:28:56,650 INFO : playing ocean-wave-1.wav
2019-07-22 11:29:01,670 INFO : elapsed time= 0:5
2019-07-22 11:29:01,670 INFO : Finished playing ocean-wave-1.wav
2019-07-22 11:29:01,670 INFO : =======================================
2019-07-22 11:29:01,670 INFO : test_1 success exit
2019-07-22 11:29:01,670 INFO : =======================================
2019-07-22 14:56:00,910 INFO : test_1 started
2019-07-22 14:56:00,910 INFO : Request to play ocean-wave-1.wav
2019-07-22 14:56:00,965 INFO : data from ocean-wave-1.wav loaded
2019-07-22 14:56:00,966 INFO : playing ocean-wave-1.wav
2019-07-22 14:56:05,986 INFO : elapsed time= 0:5
2019-07-22 14:56:05,986 INFO : Finished playing ocean-wave-1.wav
2019-07-22 14:56:05,987 INFO : =======================================
2019-07-22 14:56:33,560 INFO : test_1 started
2019-07-22 14:56:33,560 INFO : Request to play ocean-wave-1.wav
2019-07-22 14:56:33,613 INFO : data from ocean-wave-1.wav loaded
2019-07-22 14:56:33,613 INFO : playing ocean-wave-1.wav
2019-07-22 14:56:38,633 INFO : elapsed time= 0:5
2019-07-22 14:56:38,633 INFO : Finished playing ocean-wave-1.wav
2019-07-22 14:56:38,633 INFO : =======================================
2019-07-22 14:57:16,019 INFO : test_1 started
2019-07-22 14:57:16,020 INFO : Request to play ocean-wave-1.wav
2019-07-22 14:57:16,074 INFO : data from ocean-wave-1.wav loaded
2019-07-22 14:57:16,074 INFO : playing ocean-wave-1.wav
2019-07-22 14:57:21,093 INFO : elapsed time= 0:5
2019-07-22 14:57:21,093 INFO : Finished playing ocean-wave-1.wav
2019-07-22 14:57:21,093 INFO : =======================================
2019-07-22 14:57:43,768 INFO : test_1 started
2019-07-22 14:57:43,769 INFO : Request to play ocean-wave-1.wav
2019-07-22 14:57:43,823 INFO : data from ocean-wave-1.wav loaded
2019-07-22 14:57:43,824 INFO : playing ocean-wave-1.wav
2019-07-22 14:57:48,844 INFO : elapsed time= 0:5
2019-07-22 14:57:48,844 INFO : Finished playing ocean-wave-1.wav
2019-07-22 14:57:48,844 INFO : =======================================
2019-07-22 14:58:22,191 INFO : test_1 started
2019-07-22 14:58:22,192 INFO : Request to play ocean-wave-1.wav
2019-07-22 14:58:22,246 INFO : data from ocean-wave-1.wav loaded
2019-07-22 14:58:22,246 INFO : playing ocean-wave-1.wav
2019-07-22 14:58:27,266 INFO : elapsed time= 0:5
2019-07-22 14:58:27,266 INFO : Finished playing ocean-wave-1.wav
2019-07-22 14:58:27,266 INFO : =======================================
2019-07-22 15:00:22,263 INFO : test_1 started
2019-07-22 15:00:22,263 INFO : Request to play ocean-wave-1.wav
2019-07-22 15:00:22,318 INFO : data from ocean-wave-1.wav loaded
2019-07-22 15:00:22,319 INFO : playing ocean-wave-1.wav
2019-07-22 15:00:27,341 INFO : elapsed time= 0:5
2019-07-22 15:00:27,341 INFO : Finished playing ocean-wave-1.wav
2019-07-22 15:00:27,341 INFO : =======================================
2019-07-22 15:00:45,497 INFO : test_1 started
2019-07-22 15:00:45,497 INFO : Request to play ocean-wave-1.wav
2019-07-22 15:00:45,551 INFO : data from ocean-wave-1.wav loaded
2019-07-22 15:00:45,551 INFO : playing ocean-wave-1.wav
2019-07-22 15:00:49,403 ERROR : user quit
2019-07-22 15:00:49,403 INFO : =======================================
2019-07-22 15:02:17,708 INFO : test_1 started
2019-07-22 15:02:17,709 INFO : Request to play ocean-wave-1.wav
2019-07-22 15:02:17,765 INFO : data from ocean-wave-1.wav loaded
2019-07-22 15:02:17,765 INFO : playing ocean-wave-1.wav
2019-07-22 15:02:22,786 INFO : elapsed time= 0:5
2019-07-22 15:02:22,786 INFO : Finished playing ocean-wave-1.wav
2019-07-22 15:02:22,787 INFO : =======================================
2019-07-22 15:09:20,528 INFO : test_1 started
2019-07-22 15:09:20,528 INFO : Request to play ocean-wave-1.wav
2019-07-22 15:09:20,583 INFO : data from ocean-wave-1.wav loaded
2019-07-22 15:09:20,583 INFO : playing ocean-wave-1.wav
2019-07-22 15:09:25,603 INFO : elapsed time= 0:5
2019-07-22 15:09:25,603 INFO : Finished playing ocean-wave-1.wav
2019-07-22 15:09:25,603 INFO : =======================================
2019-07-22 15:09:25,603 INFO : test_1 success exit
2019-07-22 15:09:25,603 INFO : =======================================
2019-07-22 15:36:27,633 INFO : test_1 started
2019-07-22 15:36:27,633 INFO : Request to play ocean-wave-1.wav
2019-07-22 15:36:27,688 INFO : data from ocean-wave-1.wav loaded
2019-07-22 15:36:27,688 INFO : playing ocean-wave-1.wav
2019-07-22 15:36:32,714 INFO : elapsed time= 0:5
2019-07-22 15:36:32,714 INFO : Finished playing ocean-wave-1.wav
2019-07-22 15:36:32,714 INFO : =======================================
2019-07-22 15:36:32,714 INFO : test_1 success exit
2019-07-22 15:36:32,714 INFO : =======================================
2019-07-22 15:45:26,367 INFO : test_1 started
2019-07-22 15:45:26,368 INFO : Request to play ocean-wave-1.wav
2019-07-22 15:45:26,423 INFO : data from ocean-wave-1.wav loaded
2019-07-22 15:45:26,423 INFO : playing ocean-wave-1.wav
2019-07-22 15:45:31,443 INFO : elapsed time= 0:5
2019-07-22 15:45:31,443 INFO : Finished playing ocean-wave-1.wav
2019-07-22 15:45:31,443 INFO : =======================================
2019-07-22 15:45:45,370 INFO : test_1 started
2019-07-22 15:45:45,371 INFO : Request to play ocean-wave-1.wav
2019-07-22 15:45:45,425 INFO : data from ocean-wave-1.wav loaded
2019-07-22 15:45:45,425 INFO : playing ocean-wave-1.wav
2019-07-22 15:45:50,445 INFO : elapsed time= 0:5
2019-07-22 15:45:50,445 INFO : Finished playing ocean-wave-1.wav
2019-07-22 15:45:50,445 INFO : =======================================
2019-07-22 15:48:09,627 INFO : test_1 started
2019-07-22 15:48:09,627 INFO : Request to play ocean-wave-1.wav
2019-07-22 15:48:09,683 INFO : data from ocean-wave-1.wav loaded
2019-07-22 15:48:09,684 INFO : playing ocean-wave-1.wav
2019-07-22 15:48:14,709 INFO : elapsed time= 0:5
2019-07-22 15:48:14,709 INFO : Finished playing ocean-wave-1.wav
2019-07-22 15:48:14,709 INFO : =======================================
2019-07-22 15:49:18,076 INFO : test_1 started
2019-07-22 15:49:18,077 INFO : Request to play ocean-wave-1.wav
2019-07-22 15:49:18,131 INFO : data from ocean-wave-1.wav loaded
2019-07-22 15:49:18,132 INFO : playing ocean-wave-1.wav
2019-07-22 15:49:23,151 INFO : elapsed time= 0:5
2019-07-22 15:49:23,151 INFO : Finished playing ocean-wave-1.wav
2019-07-22 15:49:23,153 INFO : =======================================
2019-07-22 16:04:28,668 INFO : test_1 started
2019-07-22 16:04:28,669 INFO : Request to play ocean-wave-1.wav
2019-07-22 16:04:28,726 INFO : data from ocean-wave-1.wav loaded
2019-07-22 16:04:28,726 INFO : playing ocean-wave-1.wav
2019-07-22 16:04:33,746 INFO : elapsed time= 0:5
2019-07-22 16:04:33,746 INFO : Finished playing ocean-wave-1.wav
2019-07-22 16:04:33,746 INFO : =======================================
2019-07-22 16:04:33,747 INFO : test_1 success exit
2019-07-22 16:04:33,747 INFO : =======================================
2019-07-22 16:06:56,805 INFO : test_1 started
2019-07-22 16:06:56,806 INFO : Request to play ocean-wave-1.wav
2019-07-22 16:06:56,865 INFO : data from ocean-wave-1.wav loaded
2019-07-22 16:06:56,866 INFO : playing ocean-wave-1.wav
2019-07-22 16:07:01,885 INFO : elapsed time= 0:5
2019-07-22 16:07:01,885 INFO : Finished playing ocean-wave-1.wav
2019-07-22 16:07:01,887 INFO : =======================================
2019-07-22 16:07:01,887 INFO : test_1 success exit
2019-07-22 16:07:01,887 INFO : =======================================
2019-07-22 16:11:49,099 INFO : test_1 started
2019-07-22 16:11:49,099 INFO : Request to play ocean-wave-1.wav
2019-07-22 16:11:49,154 INFO : data from ocean-wave-1.wav loaded
2019-07-22 16:11:49,154 INFO : playing ocean-wave-1.wav
2019-07-22 16:11:54,174 INFO : elapsed time= 0:5
2019-07-22 16:11:54,174 INFO : Finished playing ocean-wave-1.wav
2019-07-22 16:11:54,174 INFO : =======================================
2019-07-22 16:11:54,174 INFO : test_1 success exit
2019-07-22 16:11:54,174 INFO : =======================================
2019-07-22 16:21:45,092 INFO : test_1 started
2019-07-22 16:21:45,092 INFO : Request to play ocean-wave-1.wav
2019-07-22 16:21:45,148 INFO : data from ocean-wave-1.wav loaded
2019-07-22 16:21:45,148 INFO : playing ocean-wave-1.wav
2019-07-22 16:21:50,167 INFO : elapsed time= 0:5
2019-07-22 16:21:50,167 INFO : Finished playing ocean-wave-1.wav
2019-07-22 16:21:50,167 INFO : =======================================
2019-07-22 16:21:50,168 INFO : test_1 success exit
2019-07-22 16:21:50,168 INFO : =======================================
2019-07-22 16:47:12,509 INFO : test_1 started
2019-07-22 16:47:12,509 INFO : Request to play ocean-wave-1.wav
2019-07-22 16:47:12,568 INFO : data from ocean-wave-1.wav loaded
2019-07-22 16:47:12,568 INFO : playing ocean-wave-1.wav
2019-07-22 16:47:13,948 ERROR : user quit
2019-07-22 16:47:13,948 INFO : =======================================
2019-07-22 17:02:00,544 INFO : test_1 started
2019-07-22 17:02:00,544 INFO : Request to play ocean-wave-1.wav
2019-07-22 17:02:00,600 INFO : data from ocean-wave-1.wav loaded
2019-07-22 17:02:00,600 INFO : playing ocean-wave-1.wav
2019-07-22 17:02:05,620 INFO : elapsed time= 0:5
2019-07-22 17:02:05,620 INFO : Finished playing ocean-wave-1.wav
2019-07-22 17:02:05,620 INFO : =======================================
2019-07-22 17:02:05,620 INFO : test_1 success exit
2019-07-22 17:02:05,620 INFO : =======================================
2019-07-22 17:09:02,315 INFO : test_1 started
2019-07-22 17:09:02,316 INFO : Request to play ocean-wave-1.wav
2019-07-22 17:09:02,371 INFO : data from ocean-wave-1.wav loaded
2019-07-22 17:09:02,371 INFO : playing ocean-wave-1.wav
2019-07-22 17:09:07,391 INFO : elapsed time= 0:5
2019-07-22 17:09:07,391 INFO : Finished playing ocean-wave-1.wav
2019-07-22 17:09:07,393 INFO : =======================================
2019-07-22 17:09:07,393 INFO : test_1 success exit
2019-07-22 17:09:07,393 INFO : =======================================
2019-07-22 17:20:51,614 INFO : test_1 started
2019-07-22 17:20:51,614 INFO : Request to play ocean-wave-1.wav
2019-07-22 17:20:51,669 INFO : data from ocean-wave-1.wav loaded
2019-07-22 17:20:51,670 INFO : playing ocean-wave-1.wav
2019-07-22 17:20:56,689 INFO : elapsed time= 0:5
2019-07-22 17:20:56,690 INFO : Finished playing ocean-wave-1.wav
2019-07-22 17:20:56,690 INFO : =======================================
2019-07-22 17:21:41,475 INFO : test_1 started
2019-07-22 17:21:41,476 INFO : Request to play ocean-wave-1.wav
2019-07-22 17:21:41,530 INFO : data from ocean-wave-1.wav loaded
2019-07-22 17:21:41,530 INFO : playing ocean-wave-1.wav
2019-07-22 17:21:46,550 INFO : elapsed time= 0:5
2019-07-22 17:21:46,550 INFO : Finished playing ocean-wave-1.wav
2019-07-22 17:21:46,550 INFO : =======================================
2019-07-22 17:21:46,551 INFO : test_1 success exit
2019-07-22 17:21:46,551 INFO : =======================================
2019-07-22 17:31:47,311 INFO : test_1 started
2019-07-22 17:31:47,311 INFO : Request to play ocean-wave-1.wav
2019-07-22 17:31:47,366 INFO : data from ocean-wave-1.wav loaded
2019-07-22 17:31:47,367 INFO : playing ocean-wave-1.wav
2019-07-22 17:31:52,386 INFO : elapsed time= 0:5
2019-07-22 17:31:52,386 INFO : Finished playing ocean-wave-1.wav
2019-07-22 17:31:52,386 INFO : =======================================
2019-07-22 17:31:52,387 INFO : test_1 success exit
2019-07-22 17:31:52,387 INFO : =======================================
2019-07-22 17:38:43,092 INFO : test_1 started
2019-07-22 17:38:43,092 INFO : Request to play ocean-wave-1.wav
2019-07-22 17:38:43,147 INFO : data from ocean-wave-1.wav loaded
2019-07-22 17:38:43,148 INFO : playing ocean-wave-1.wav
2019-07-22 17:38:44,217 ERROR : user quit
2019-07-22 17:38:44,218 INFO : =======================================
2019-07-22 17:40:57,401 INFO : test_1 started
2019-07-22 17:40:57,402 INFO : Request to play ocean-wave-1.wav
2019-07-22 17:40:57,456 INFO : data from ocean-wave-1.wav loaded
2019-07-22 17:40:57,456 INFO : playing ocean-wave-1.wav
2019-07-22 17:41:01,464 ERROR : user quit
2019-07-22 17:41:01,465 INFO : =======================================
2019-07-22 17:41:01,465 INFO : Finished playing ocean-wave-1.wav
2019-07-22 17:41:01,465 INFO : =======================================
2019-07-22 17:41:01,465 INFO : test_1 success exit
2019-07-22 17:41:01,465 INFO : =======================================
2019-07-23 14:29:11,550 INFO : test_1 started
2019-07-23 14:29:11,551 INFO : Request to play ocean-wave-1.wav
2019-07-23 14:29:11,720 INFO : data from ocean-wave-1.wav loaded
2019-07-23 14:29:11,720 INFO : playing ocean-wave-1.wav
2019-07-23 14:29:16,739 INFO : elapsed time= 0:5
2019-07-23 14:29:16,740 INFO : Finished playing ocean-wave-1.wav
2019-07-23 14:29:16,740 INFO : =======================================
2019-07-23 14:35:36,998 INFO : test_1 started
2019-07-23 14:35:36,998 INFO : Request to play ocean-wave-1.wav
2019-07-23 14:35:37,053 INFO : data from ocean-wave-1.wav loaded
2019-07-23 14:35:37,053 INFO : playing ocean-wave-1.wav
2019-07-23 14:35:42,078 INFO : elapsed time= 0:5
2019-07-23 14:35:42,078 INFO : Finished playing ocean-wave-1.wav
2019-07-23 14:35:42,078 INFO : =======================================
2019-07-23 14:36:05,551 INFO : test_1 started
2019-07-23 14:36:05,552 INFO : Request to play ocean-wave-1.wav
2019-07-23 14:36:05,608 INFO : data from ocean-wave-1.wav loaded
2019-07-23 14:36:05,608 INFO : playing ocean-wave-1.wav
2019-07-23 14:36:10,628 INFO : elapsed time= 0:5
2019-07-23 14:36:10,628 INFO : Finished playing ocean-wave-1.wav
2019-07-23 14:36:10,628 INFO : =======================================
2019-07-23 14:36:41,926 INFO : test_1 started
2019-07-23 14:36:41,926 INFO : Request to play ocean-wave-1.wav
2019-07-23 14:36:41,983 INFO : data from ocean-wave-1.wav loaded
2019-07-23 14:36:41,983 INFO : playing ocean-wave-1.wav
2019-07-23 14:36:47,003 INFO : elapsed time= 0:5
2019-07-23 14:36:47,003 INFO : Finished playing ocean-wave-1.wav
2019-07-23 14:36:47,003 INFO : =======================================
2019-07-23 14:39:08,725 INFO : test_1 started
2019-07-23 14:39:08,725 INFO : Request to play ocean-wave-1.wav
2019-07-23 14:39:08,780 INFO : data from ocean-wave-1.wav loaded
2019-07-23 14:39:08,781 INFO : playing ocean-wave-1.wav
2019-07-23 14:39:13,800 INFO : elapsed time= 0:5
2019-07-23 14:39:13,801 INFO : Finished playing ocean-wave-1.wav
2019-07-23 14:39:13,801 INFO : =======================================
2019-07-23 14:39:57,353 INFO : test_1 started
2019-07-23 14:39:57,353 INFO : Request to play ocean-wave-1.wav
2019-07-23 14:39:57,411 INFO : data from ocean-wave-1.wav loaded
2019-07-23 14:39:57,411 INFO : playing ocean-wave-1.wav
2019-07-23 14:40:02,430 INFO : elapsed time= 0:5
2019-07-23 14:40:02,430 INFO : Finished playing ocean-wave-1.wav
2019-07-23 14:40:02,430 INFO : =======================================
2019-07-23 14:40:03,032 WARNING : [LOOKING FOR Finished time left : 4 sec ]
2019-07-23 14:40:04,035 WARNING : [LOOKING FOR Finished time left : 3 sec ]
2019-07-23 14:40:05,039 WARNING : [LOOKING FOR Finished time left : 2 sec ]
2019-07-23 14:40:06,042 WARNING : [LOOKING FOR Finished time left : 1 sec ]
2019-07-23 14:40:07,046 WARNING : [LOOKING FOR Finished time left : 0 sec ]
2019-07-23 14:40:08,049 ERROR : PATTER NOT FOUND, TRY AGAIN
2019-07-23 14:40:09,053 WARNING : [LOOKING FOR Finished time left : 4 sec ]
2019-07-23 14:40:10,056 WARNING : [LOOKING FOR Finished time left : 3 sec ]
2019-07-23 14:40:11,059 WARNING : [LOOKING FOR Finished time left : 2 sec ]
2019-07-23 14:40:12,062 WARNING : [LOOKING FOR Finished time left : 1 sec ]
2019-07-23 14:40:13,066 WARNING : [LOOKING FOR Finished time left : 0 sec ]
2019-07-23 14:40:14,069 ERROR : PATTER NOT FOUND, TRY AGAIN
2019-07-23 14:40:15,072 WARNING : [LOOKING FOR ERROR time left : 4 sec ]
2019-07-23 14:40:16,075 WARNING : [LOOKING FOR ERROR time left : 3 sec ]
2019-07-23 14:40:17,079 WARNING : [LOOKING FOR ERROR time left : 2 sec ]
2019-07-23 14:40:18,082 WARNING : [LOOKING FOR ERROR time left : 1 sec ]
2019-07-23 14:40:19,085 WARNING : [LOOKING FOR ERROR time left : 0 sec ]
2019-07-23 14:40:20,088 ERROR : PATTER NOT FOUND, TRY AGAIN
2019-07-23 14:40:20,091 INFO : test_1 fail exit
2019-07-23 14:40:20,091 INFO : =======================================
2019-07-23 14:41:07,523 INFO : test_1 started
2019-07-23 14:41:07,523 INFO : Request to play ocean-wave-1.wav
2019-07-23 14:41:07,577 INFO : data from ocean-wave-1.wav loaded
2019-07-23 14:41:07,577 INFO : playing ocean-wave-1.wav
2019-07-23 14:41:12,603 INFO : elapsed time= 0:5
2019-07-23 14:41:12,603 INFO : Finished playing ocean-wave-1.wav
2019-07-23 14:41:12,603 INFO : =======================================
2019-07-23 14:41:13,005 WARNING : [LOOKING FOR Finished time left : 4 sec ]
2019-07-23 14:41:14,008 WARNING : [LOOKING FOR Finished time left : 3 sec ]
2019-07-23 14:41:15,011 WARNING : [LOOKING FOR Finished time left : 2 sec ]
2019-07-23 14:41:16,014 WARNING : [LOOKING FOR Finished time left : 1 sec ]
2019-07-23 14:41:17,017 WARNING : [LOOKING FOR Finished time left : 0 sec ]
2019-07-23 14:41:18,020 ERROR : PATTER NOT FOUND, TRY AGAIN
2019-07-23 14:41:19,024 WARNING : [LOOKING FOR Finished time left : 4 sec ]
2019-07-23 14:41:20,027 WARNING : [LOOKING FOR Finished time left : 3 sec ]
2019-07-23 14:41:21,030 WARNING : [LOOKING FOR Finished time left : 2 sec ]
2019-07-23 14:41:22,034 WARNING : [LOOKING FOR Finished time left : 1 sec ]
2019-07-23 14:41:23,037 WARNING : [LOOKING FOR Finished time left : 0 sec ]
2019-07-23 14:41:24,040 ERROR : PATTER NOT FOUND, TRY AGAIN
2019-07-23 14:41:25,043 WARNING : [LOOKING FOR ERROR time left : 4 sec ]
2019-07-23 14:41:26,046 WARNING : [LOOKING FOR ERROR time left : 3 sec ]
2019-07-23 14:41:27,049 WARNING : [LOOKING FOR ERROR time left : 2 sec ]
2019-07-23 14:41:28,053 WARNING : [LOOKING FOR ERROR time left : 1 sec ]
2019-07-23 14:44:41,987 INFO : test_1 started
2019-07-23 14:44:41,988 INFO : Request to play ocean-wave-1.wav
2019-07-23 14:44:42,043 INFO : data from ocean-wave-1.wav loaded
2019-07-23 14:44:42,044 INFO : playing ocean-wave-1.wav
2019-07-23 14:44:47,063 INFO : elapsed time= 0:5
2019-07-23 14:44:47,064 INFO : Finished playing ocean-wave-1.wav
2019-07-23 14:44:47,065 INFO : =======================================
2019-07-23 14:44:48,069 WARNING : [LOOKING FOR Finished time left : 4 sec ]
2019-07-23 14:44:49,072 WARNING : [LOOKING FOR Finished time left : 3 sec ]
2019-07-23 14:44:50,076 WARNING : [LOOKING FOR Finished time left : 2 sec ]
2019-07-23 14:44:51,080 WARNING : [LOOKING FOR Finished time left : 1 sec ]
2019-07-23 14:44:52,084 WARNING : [LOOKING FOR Finished time left : 0 sec ]
2019-07-23 14:44:53,090 ERROR : PATTER NOT FOUND, TRY AGAIN
2019-07-23 14:44:54,093 WARNING : [LOOKING FOR Finished time left : 4 sec ]
2019-07-23 14:44:55,097 WARNING : [LOOKING FOR Finished time left : 3 sec ]
2019-07-23 14:44:56,001 WARNING : [LOOKING FOR Finished time left : 2 sec ]
2019-07-23 14:45:14,839 INFO : test_1 started
2019-07-23 14:45:14,839 INFO : Request to play ocean-wave-1.wav
2019-07-23 14:45:14,893 INFO : data from ocean-wave-1.wav loaded
2019-07-23 14:45:14,893 INFO : playing ocean-wave-1.wav
2019-07-23 14:45:19,919 INFO : elapsed time= 0:5
2019-07-23 14:45:19,919 INFO : Finished playing ocean-wave-1.wav
2019-07-23 14:45:19,919 INFO : =======================================
2019-07-23 14:45:20,020 WARNING : [LOOKING FOR Finished time left : 4 sec ]
2019-07-23 14:45:21,022 WARNING : [LOOKING FOR Finished time left : 3 sec ]
2019-07-23 14:45:22,025 WARNING : [LOOKING FOR Finished time left : 2 sec ]
2019-07-23 14:45:23,028 WARNING : [LOOKING FOR Finished time left : 1 sec ]
2019-07-23 14:45:24,031 WARNING : [LOOKING FOR Finished time left : 0 sec ]
2019-07-23 14:45:25,034 ERROR : PATTER NOT FOUND, TRY AGAIN
2019-07-23 14:45:26,037 WARNING : [LOOKING FOR Finished time left : 4 sec ]
2019-07-23 14:45:27,040 WARNING : [LOOKING FOR Finished time left : 3 sec ]
2019-07-23 14:45:28,044 WARNING : [LOOKING FOR Finished time left : 2 sec ]
2019-07-23 14:45:29,049 WARNING : [LOOKING FOR Finished time left : 1 sec ]
2019-07-23 14:45:30,052 WARNING : [LOOKING FOR Finished time left : 0 sec ]
2019-07-23 14:45:31,055 ERROR : PATTER NOT FOUND, TRY AGAIN
2019-07-23 14:45:32,059 WARNING : [LOOKING FOR ERROR time left : 4 sec ]
2019-07-23 14:45:33,062 WARNING : [LOOKING FOR ERROR time left : 3 sec ]
2019-07-23 14:45:34,067 WARNING : [LOOKING FOR ERROR time left : 2 sec ]
2019-07-23 14:45:35,070 WARNING : [LOOKING FOR ERROR time left : 1 sec ]
2019-07-23 14:45:36,074 WARNING : [LOOKING FOR ERROR time left : 0 sec ]
2019-07-23 14:45:37,077 ERROR : PATTER NOT FOUND, TRY AGAIN
2019-07-23 14:45:37,078 INFO : test_1 fail exit
2019-07-23 14:45:37,078 INFO : =======================================
2019-07-23 14:50:56,869 INFO : test_1 started
2019-07-23 14:50:56,869 INFO : Request to play ocean-wave-1.wav
2019-07-23 14:50:56,924 INFO : data from ocean-wave-1.wav loaded
2019-07-23 14:50:56,925 INFO : playing ocean-wave-1.wav
2019-07-23 14:51:01,944 INFO : elapsed time= 0:5
2019-07-23 14:51:01,944 INFO : Finished playing ocean-wave-1.wav
2019-07-23 14:51:01,944 INFO : =======================================
2019-07-23 14:51:02,045 WARNING : [LOOKING FOR Finished time left : 4 sec ]
2019-07-23 14:51:03,048 WARNING : [LOOKING FOR Finished time left : 3 sec ]
2019-07-23 14:51:04,051 WARNING : [LOOKING FOR Finished time left : 2 sec ]
2019-07-23 14:51:05,054 WARNING : [LOOKING FOR Finished time left : 1 sec ]
2019-07-23 14:51:06,058 WARNING : [LOOKING FOR Finished time left : 0 sec ]
2019-07-23 14:51:07,061 ERROR : PATTER NOT FOUND, TRY AGAIN
2019-07-23 14:51:08,065 WARNING : [LOOKING FOR Finished time left : 4 sec ]
2019-07-23 14:51:09,069 WARNING : [LOOKING FOR Finished time left : 3 sec ]
2019-07-23 14:51:10,072 WARNING : [LOOKING FOR Finished time left : 2 sec ]
2019-07-23 14:51:11,075 WARNING : [LOOKING FOR Finished time left : 1 sec ]
2019-07-23 14:51:12,079 WARNING : [LOOKING FOR Finished time left : 0 sec ]
2019-07-23 14:51:13,082 ERROR : PATTER NOT FOUND, TRY AGAIN
2019-07-23 14:51:14,087 WARNING : [LOOKING FOR ERROR time left : 4 sec ]
2019-07-23 14:51:15,090 WARNING : [LOOKING FOR ERROR time left : 3 sec ]
2019-07-23 14:51:16,094 WARNING : [LOOKING FOR ERROR time left : 2 sec ]
2019-07-23 14:51:17,097 WARNING : [LOOKING FOR ERROR time left : 1 sec ]
2019-07-23 14:51:18,000 WARNING : [LOOKING FOR ERROR time left : 0 sec ]
2019-07-23 14:51:19,003 ERROR : PATTER NOT FOUND, TRY AGAIN
2019-07-23 14:51:19,004 INFO : test_1 fail exit
2019-07-23 14:51:19,004 INFO : =======================================
2019-07-23 14:53:41,653 INFO : test_1 started
2019-07-23 14:53:41,653 INFO : Request to play ocean-wave-1.wav
2019-07-23 14:53:41,708 INFO : data from ocean-wave-1.wav loaded
2019-07-23 14:53:41,709 INFO : playing ocean-wave-1.wav
2019-07-23 14:53:46,730 INFO : elapsed time= 0:5
2019-07-23 14:53:46,730 INFO : Finished playing ocean-wave-1.wav
2019-07-23 14:53:46,730 INFO : =======================================
2019-07-23 14:54:04,084 INFO : test_1 fail exit
2019-07-23 14:54:04,085 INFO : =======================================
2019-07-23 15:18:10,511 INFO : test_1 started
2019-07-23 15:18:10,512 INFO : Request to play ocean-wave-1.wav
2019-07-23 15:18:10,566 INFO : data from ocean-wave-1.wav loaded
2019-07-23 15:18:10,566 INFO : playing ocean-wave-1.wav
2019-07-23 15:18:15,585 INFO : elapsed time= 0:5
2019-07-23 15:18:15,585 INFO : Finished playing ocean-wave-1.wav
2019-07-23 15:18:15,585 INFO : =======================================
2019-07-23 15:18:33,051 INFO : test_1 fail exit
2019-07-23 15:18:33,052 INFO : =======================================
